<?xml version="1.0" encoding="UTF-8"?>
<<<<<<< HEAD
<testsuite name="testMovements" tests="4" skipped="0" failures="0" errors="0" timestamp="2022-01-09T11:29:40" hostname="MBP-de-Carolina.Home" time="0.192">
  <properties/>
  <testcase name="testMovePirates()" classname="testMovements" time="0.086"/>
  <testcase name="testMoveJackTheSparrow()" classname="testMovements" time="0.043"/>
  <testcase name="testMovePrincess()" classname="testMovements" time="0.006"/>
  <testcase name="testMovePosition()" classname="testMovements" time="0.036"/>
=======
<testsuite name="testMovements" tests="4" skipped="0" failures="0" errors="0" timestamp="2022-01-09T11:24:26" hostname="LAPTOP-T1FUMB4N" time="0.01">
  <properties/>
  <testcase name="testMovePirates()" classname="testMovements" time="0.001"/>
  <testcase name="testMoveJackTheSparrow()" classname="testMovements" time="0.005"/>
  <testcase name="testMovePrincess()" classname="testMovements" time="0.001"/>
  <testcase name="testMovePosition()" classname="testMovements" time="0.001"/>
>>>>>>> 3c554f850f2540b955d9c39d2784b37a397e87cd
  <system-out><![CDATA[]]></system-out>
  <system-err><![CDATA[]]></system-err>
</testsuite>
