<?xml version="1.0" encoding="UTF-8"?>
<testsuite name="test_Components" tests="4" skipped="0" failures="0" errors="0" timestamp="2021-12-30T14:58:57" hostname="LAPTOP-T1FUMB4N" time="0.025">
  <properties/>
  <testcase name="test_borders()" classname="test_Components" time="0.02"/>
  <testcase name="test_map()" classname="test_Components" time="0.003"/>
  <testcase name="test_jack_the_sparrow()" classname="test_Components" time="0.0"/>
  <testcase name="test_princess()" classname="test_Components" time="0.0"/>
  <system-out><![CDATA[]]></system-out>
  <system-err><![CDATA[]]></system-err>
</testsuite>
