<?xml version="1.0" encoding="UTF-8"?>
<testsuite name="test_Map" tests="1" skipped="0" failures="0" errors="0" timestamp="2022-01-08T17:44:08" hostname="LAPTOP-T1FUMB4N" time="0.002">
  <properties/>
  <testcase name="test_Map()" classname="test_Map" time="0.002"/>
  <system-out><![CDATA[]]></system-out>
  <system-err><![CDATA[]]></system-err>
</testsuite>
