<?xml version="1.0" encoding="UTF-8"?>
<testsuite name="testMovements" tests="4" skipped="0" failures="0" errors="0" timestamp="2022-01-09T01:04:43" hostname="MBP-de-Carolina.Home" time="0.142">
  <properties/>
  <testcase name="testMovePirates()" classname="testMovements" time="0.087"/>
  <testcase name="testMoveJackTheSparrow()" classname="testMovements" time="0.013"/>
  <testcase name="testMovePrincess()" classname="testMovements" time="0.002"/>
  <testcase name="testMovePosition()" classname="testMovements" time="0.03"/>
  <system-out><![CDATA[]]></system-out>
  <system-err><![CDATA[]]></system-err>
</testsuite>
