<?xml version="1.0" encoding="UTF-8"?>
<testsuite name="testMovements" tests="4" skipped="0" failures="0" errors="0" timestamp="2022-01-09T11:29:40" hostname="MBP-de-Carolina.Home" time="0.192">
  <properties/>
  <testcase name="testMovePirates()" classname="testMovements" time="0.086"/>
  <testcase name="testMoveJackTheSparrow()" classname="testMovements" time="0.043"/>
  <testcase name="testMovePrincess()" classname="testMovements" time="0.006"/>
  <testcase name="testMovePosition()" classname="testMovements" time="0.036"/>
  <system-out><![CDATA[]]></system-out>
  <system-err><![CDATA[]]></system-err>
</testsuite>
