<?xml version="1.0" encoding="UTF-8"?>
<testsuite name="testMovements" tests="4" skipped="0" failures="0" errors="0" timestamp="2022-01-09T11:24:26" hostname="LAPTOP-T1FUMB4N" time="0.01">
  <properties/>
  <testcase name="testMovePirates()" classname="testMovements" time="0.001"/>
  <testcase name="testMoveJackTheSparrow()" classname="testMovements" time="0.005"/>
  <testcase name="testMovePrincess()" classname="testMovements" time="0.001"/>
  <testcase name="testMovePosition()" classname="testMovements" time="0.001"/>
  <system-out><![CDATA[]]></system-out>
  <system-err><![CDATA[]]></system-err>
</testsuite>
