<?xml version="1.0" encoding="UTF-8"?>
<testsuite name="test_Components" tests="2" skipped="0" failures="0" errors="0" timestamp="2021-12-22T16:13:16" hostname="LAPTOP-8E939IQP" time="0.024">
  <properties/>
  <testcase name="test_borders()" classname="test_Components" time="0.021"/>
  <testcase name="test_jack_the_sparrow()" classname="test_Components" time="0.002"/>
  <system-out><![CDATA[]]></system-out>
  <system-err><![CDATA[]]></system-err>
</testsuite>
