<?xml version="1.0" encoding="UTF-8"?>
<testsuite name="test_Components" tests="6" skipped="0" failures="0" errors="0" timestamp="2022-01-08T17:56:48" hostname="LAPTOP-8E939IQP" time="0.029">
  <properties/>
  <testcase name="test_pirates()" classname="test_Components" time="0.019"/>
  <testcase name="test_borders()" classname="test_Components" time="0.001"/>
  <testcase name="test_key()" classname="test_Components" time="0.001"/>
  <testcase name="test_biscuits()" classname="test_Components" time="0.001"/>
  <testcase name="test_jack_the_sparrow()" classname="test_Components" time="0.003"/>
  <testcase name="test_princess()" classname="test_Components" time="0.001"/>
  <system-out><![CDATA[]]></system-out>
  <system-err><![CDATA[]]></system-err>
</testsuite>
