<?xml version="1.0" encoding="UTF-8"?>
<testsuite name="test_Components" tests="1" skipped="0" failures="0" errors="0" timestamp="2022-01-08T19:30:54" hostname="LAPTOP-8E939IQP" time="0.031">
  <properties/>
  <testcase name="testExit()" classname="test_Components" time="0.031"/>
  <system-out><![CDATA[]]></system-out>
  <system-err><![CDATA[]]></system-err>
</testsuite>
